mkdir PRODUCTS
fgrep "0312864590" amazon_reviews_us_Books_v1_02.tsv > PRODUCTS/0312864590.txt
DATETIME=$(date +%Y%m%d_%H%M%S )
cp ~/PRODUCTS/0312864590.txt ~/PRODUCTS/0312864590.$DATETIME.txt
cd PRODUCTS
ls
head -n 1 0312864590.txt >> 0312864590.20221018_181131.txt
ln -s 0312864590.20221018_181131.txt 0312864590.LATEST.txt
vi update_symb_link.sh
chmod u+rx update_symb_link.sh
vi avg_rating.sh
chmod u+rx avg_rating.sh
crontab -e
crontab -l
ls
date
cat 0312864590.AVGRATING.txt 
ls
ls -l
date
ls -l
exit
